[2024-05-09 17:35:47] [info] Start Program:
Path:"C:\Users\stefan\source\repos\Lab9\x64\Debug\Lab9.exe"
Arguments:
Working directory: "C:\Users\stefan\source\repos\Lab9\Lab9\"
Modules: Selected: C:\Users\stefan\source\repos\Lab9\x64\Debug\Lab9.exe Excluded: 
Sources: Selected: C:\Users\stefan\source\repos\Lab9\Lab9 Excluded: 
Log Level: Normal
Cover Children: 0
Aggregate by file: 1
Continue after C++ exception: 0
Optimized build support: 0
Export: Binary C:\Users\stefan\AppData\Local\Temp\ynzadil1.21j 
Input coverage: 
Unified diff: 
Excluded line regular expressions: 
Substitute pdb source paths: 

[2024-05-09 17:35:47] [info] Module: C:\Users\stefan\source\repos\Lab9\x64\Debug\Lab9.exe is selected because it matches selected pattern: C:\Users\stefan\source\repos\Lab9\x64\Debug\Lab9.exe
[2024-05-09 17:35:48] [info] ----------------------------------------------------
[2024-05-09 17:35:48] [info] Coverage binary generated in file: C:\Users\stefan\AppData\Local\Temp\ynzadil1.21j
[2024-05-09 17:35:48] [info] ----------------------------------------------------
